The system is: Windows - 10.0.18363 - AMD64
Compiling the C compiler identification source file "CMakeCCompilerId.c" succeeded.
Compiler: C:/Program Files/mingw-w64/x86_64-8.1.0-posix-seh-rt_v6-rev0/mingw64/bin/gcc.exe 
Build flags: 
Id flags:  

The output was:
0


Compilation of the C compiler identification source "CMakeCCompilerId.c" produced "a.exe"

The C compiler identification is GNU, found in "C:/Informatyka/net_sim/cmake-build-debug/CMakeFiles/3.15.3/CompilerIdC/a.exe"

Compiling the CXX compiler identification source file "CMakeCXXCompilerId.cpp" succeeded.
Compiler: C:/Program Files/mingw-w64/x86_64-8.1.0-posix-seh-rt_v6-rev0/mingw64/bin/g++.exe 
Build flags: 
Id flags:  

The output was:
0


Compilation of the CXX compiler identification source "CMakeCXXCompilerId.cpp" produced "a.exe"

The CXX compiler identification is GNU, found in "C:/Informatyka/net_sim/cmake-build-debug/CMakeFiles/3.15.3/CompilerIdCXX/a.exe"

Determining if the C compiler works passed with the following output:
Change Dir: C:/Informatyka/net_sim/cmake-build-debug/CMakeFiles/CMakeTmp

Run Build Command(s):C:/PROGRA~1/mingw-w64/x86_64-8.1.0-posix-seh-rt_v6-rev0/mingw64/bin/mingw32-make.exe cmTC_64fbb/fast && C:/PROGRA~1/mingw-w64/x86_64-8.1.0-posix-seh-rt_v6-rev0/mingw64/bin/mingw32-make.exe -f CMakeFiles\cmTC_64fbb.dir\build.make CMakeFiles/cmTC_64fbb.dir/build
mingw32-make.exe[1]: Entering directory 'C:/Informatyka/net_sim/cmake-build-debug/CMakeFiles/CMakeTmp'
Building C object CMakeFiles/cmTC_64fbb.dir/testCCompiler.c.obj
C:\PROGRA~1\mingw-w64\x86_64-8.1.0-posix-seh-rt_v6-rev0\mingw64\bin\gcc.exe    -o CMakeFiles\cmTC_64fbb.dir\testCCompiler.c.obj   -c C:\Informatyka\net_sim\cmake-build-debug\CMakeFiles\CMakeTmp\testCCompiler.c
Linking C executable cmTC_64fbb.exe
"C:\Program Files\JetBrains\CLion 2018.3.4\bin\cmake\win\bin\cmake.exe" -E cmake_link_script CMakeFiles\cmTC_64fbb.dir\link.txt --verbose=1
"C:\Program Files\JetBrains\CLion 2018.3.4\bin\cmake\win\bin\cmake.exe" -E remove -f CMakeFiles\cmTC_64fbb.dir/objects.a
C:\PROGRA~1\mingw-w64\x86_64-8.1.0-posix-seh-rt_v6-rev0\mingw64\bin\ar.exe cr CMakeFiles\cmTC_64fbb.dir/objects.a @CMakeFiles\cmTC_64fbb.dir\objects1.rsp
C:\PROGRA~1\mingw-w64\x86_64-8.1.0-posix-seh-rt_v6-rev0\mingw64\bin\gcc.exe      -Wl,--whole-archive CMakeFiles\cmTC_64fbb.dir/objects.a -Wl,--no-whole-archive  -o cmTC_64fbb.exe -Wl,--out-implib,libcmTC_64fbb.dll.a -Wl,--major-image-version,0,--minor-image-version,0 @CMakeFiles\cmTC_64fbb.dir\linklibs.rsp
mingw32-make.exe[1]: Leaving directory 'C:/Informatyka/net_sim/cmake-build-debug/CMakeFiles/CMakeTmp'



Determining if the CXX compiler works passed with the following output:
Change Dir: C:/Informatyka/net_sim/cmake-build-debug/CMakeFiles/CMakeTmp

Run Build Command(s):C:/PROGRA~1/mingw-w64/x86_64-8.1.0-posix-seh-rt_v6-rev0/mingw64/bin/mingw32-make.exe cmTC_2f406/fast && C:/PROGRA~1/mingw-w64/x86_64-8.1.0-posix-seh-rt_v6-rev0/mingw64/bin/mingw32-make.exe -f CMakeFiles\cmTC_2f406.dir\build.make CMakeFiles/cmTC_2f406.dir/build
mingw32-make.exe[1]: Entering directory 'C:/Informatyka/net_sim/cmake-build-debug/CMakeFiles/CMakeTmp'
Building CXX object CMakeFiles/cmTC_2f406.dir/testCXXCompiler.cxx.obj
C:\PROGRA~1\mingw-w64\x86_64-8.1.0-posix-seh-rt_v6-rev0\mingw64\bin\g++.exe     -o CMakeFiles\cmTC_2f406.dir\testCXXCompiler.cxx.obj -c C:\Informatyka\net_sim\cmake-build-debug\CMakeFiles\CMakeTmp\testCXXCompiler.cxx
Linking CXX executable cmTC_2f406.exe
"C:\Program Files\JetBrains\CLion 2018.3.4\bin\cmake\win\bin\cmake.exe" -E cmake_link_script CMakeFiles\cmTC_2f406.dir\link.txt --verbose=1
"C:\Program Files\JetBrains\CLion 2018.3.4\bin\cmake\win\bin\cmake.exe" -E remove -f CMakeFiles\cmTC_2f406.dir/objects.a
C:\PROGRA~1\mingw-w64\x86_64-8.1.0-posix-seh-rt_v6-rev0\mingw64\bin\ar.exe cr CMakeFiles\cmTC_2f406.dir/objects.a @CMakeFiles\cmTC_2f406.dir\objects1.rsp
C:\PROGRA~1\mingw-w64\x86_64-8.1.0-posix-seh-rt_v6-rev0\mingw64\bin\g++.exe      -Wl,--whole-archive CMakeFiles\cmTC_2f406.dir/objects.a -Wl,--no-whole-archive  -o cmTC_2f406.exe -Wl,--out-implib,libcmTC_2f406.dll.a -Wl,--major-image-version,0,--minor-image-version,0 @CMakeFiles\cmTC_2f406.dir\linklibs.rsp
mingw32-make.exe[1]: Leaving directory 'C:/Informatyka/net_sim/cmake-build-debug/CMakeFiles/CMakeTmp'



